2025-10-15T21:02:38.403+05:30  INFO 13086 --- [Ecommerce Backend] [restartedMain] com.lnr.ecom.DemoApplication             : Starting DemoApplication using Java 21.0.8 with PID 13086 (/home/admin123/Java_WorkPlace/EcommerceFullStackApplication/apps/backend/target/classes started by admin123 in /home/admin123/Java_WorkPlace/EcommerceFullStackApplication)
2025-10-15T21:02:38.409+05:30 DEBUG 13086 --- [Ecommerce Backend] [restartedMain] com.lnr.ecom.DemoApplication             : Running with Spring Boot v3.5.3, Spring v6.2.8
2025-10-15T21:02:38.410+05:30  INFO 13086 --- [Ecommerce Backend] [restartedMain] com.lnr.ecom.DemoApplication             : The following 1 profile is active: "local"
2025-10-15T21:02:38.487+05:30  INFO 13086 --- [Ecommerce Backend] [restartedMain] .e.DevToolsPropertyDefaultsPostProcessor : Devtools property defaults active! Set 'spring.devtools.add-properties' to 'false' to disable
2025-10-15T21:02:38.488+05:30  INFO 13086 --- [Ecommerce Backend] [restartedMain] .e.DevToolsPropertyDefaultsPostProcessor : For additional web related logging consider setting the 'logging.level.web' property to 'DEBUG'
2025-10-15T21:02:39.832+05:30  INFO 13086 --- [Ecommerce Backend] [restartedMain] .s.d.r.c.RepositoryConfigurationDelegate : Bootstrapping Spring Data JPA repositories in DEFAULT mode.
2025-10-15T21:02:39.918+05:30  INFO 13086 --- [Ecommerce Backend] [restartedMain] .s.d.r.c.RepositoryConfigurationDelegate : Finished Spring Data repository scanning in 73 ms. Found 6 JPA repository interfaces.
2025-10-15T21:02:41.099+05:30  INFO 13086 --- [Ecommerce Backend] [restartedMain] o.s.b.w.embedded.tomcat.TomcatWebServer  : Tomcat initialized with port 7878 (http)
2025-10-15T21:02:41.113+05:30  INFO 13086 --- [Ecommerce Backend] [restartedMain] o.apache.catalina.core.StandardService   : Starting service [Tomcat]
2025-10-15T21:02:41.114+05:30  INFO 13086 --- [Ecommerce Backend] [restartedMain] o.apache.catalina.core.StandardEngine    : Starting Servlet engine: [Apache Tomcat/10.1.42]
2025-10-15T21:02:41.154+05:30  INFO 13086 --- [Ecommerce Backend] [restartedMain] o.a.c.c.C.[Tomcat].[localhost].[/]       : Initializing Spring embedded WebApplicationContext
2025-10-15T21:02:41.154+05:30  INFO 13086 --- [Ecommerce Backend] [restartedMain] w.s.c.ServletWebServerApplicationContext : Root WebApplicationContext: initialization completed in 2665 ms
2025-10-15T21:02:41.494+05:30  INFO 13086 --- [Ecommerce Backend] [restartedMain] com.zaxxer.hikari.HikariDataSource       : Hikari - Starting...
2025-10-15T21:02:44.511+05:30  INFO 13086 --- [Ecommerce Backend] [restartedMain] com.zaxxer.hikari.pool.HikariPool        : Hikari - Added connection org.postgresql.jdbc.PgConnection@7e284445
2025-10-15T21:02:44.512+05:30  INFO 13086 --- [Ecommerce Backend] [restartedMain] com.zaxxer.hikari.HikariDataSource       : Hikari - Start completed.
2025-10-15T21:02:47.982+05:30  INFO 13086 --- [Ecommerce Backend] [restartedMain] liquibase.changelog                      : Reading from public.databasechangelog
2025-10-15T21:02:51.478+05:30  INFO 13086 --- [Ecommerce Backend] [restartedMain] liquibase.ui                             : Database is up to date, no changesets to execute
2025-10-15T21:02:51.772+05:30  INFO 13086 --- [Ecommerce Backend] [restartedMain] liquibase.changelog                      : Reading from public.databasechangelog
2025-10-15T21:02:52.095+05:30  INFO 13086 --- [Ecommerce Backend] [restartedMain] liquibase.util                           : UPDATE SUMMARY
2025-10-15T21:02:52.096+05:30  INFO 13086 --- [Ecommerce Backend] [restartedMain] liquibase.util                           : Run:                          0
2025-10-15T21:02:52.096+05:30  INFO 13086 --- [Ecommerce Backend] [restartedMain] liquibase.util                           : Previously run:              12
2025-10-15T21:02:52.096+05:30  INFO 13086 --- [Ecommerce Backend] [restartedMain] liquibase.util                           : Filtered out:                 0
2025-10-15T21:02:52.096+05:30  INFO 13086 --- [Ecommerce Backend] [restartedMain] liquibase.util                           : -------------------------------
2025-10-15T21:02:52.096+05:30  INFO 13086 --- [Ecommerce Backend] [restartedMain] liquibase.util                           : Total change sets:           12
2025-10-15T21:02:52.098+05:30  INFO 13086 --- [Ecommerce Backend] [restartedMain] liquibase.util                           : Update summary generated
2025-10-15T21:02:52.100+05:30  INFO 13086 --- [Ecommerce Backend] [restartedMain] liquibase.command                        : Command execution complete
2025-10-15T21:02:53.559+05:30  INFO 13086 --- [Ecommerce Backend] [restartedMain] o.hibernate.jpa.internal.util.LogHelper  : HHH000204: Processing PersistenceUnitInfo [name: default]
2025-10-15T21:02:53.645+05:30  INFO 13086 --- [Ecommerce Backend] [restartedMain] org.hibernate.Version                    : HHH000412: Hibernate ORM core version 6.6.18.Final
2025-10-15T21:02:53.686+05:30  INFO 13086 --- [Ecommerce Backend] [restartedMain] o.h.c.internal.RegionFactoryInitiator    : HHH000026: Second-level cache disabled
2025-10-15T21:02:53.946+05:30  INFO 13086 --- [Ecommerce Backend] [restartedMain] o.s.o.j.p.SpringPersistenceUnitInfo      : No LoadTimeWeaver setup: ignoring JPA class transformer
2025-10-15T21:02:55.562+05:30  INFO 13086 --- [Ecommerce Backend] [restartedMain] org.hibernate.orm.connections.pooling    : HHH10001005: Database info:
	Database JDBC URL [Connecting through datasource 'HikariDataSource (Hikari)']
	Database driver: undefined/unknown
	Database version: 17.6
	Autocommit mode: undefined/unknown
	Isolation level: undefined/unknown
	Minimum pool size: undefined/unknown
	Maximum pool size: undefined/unknown
2025-10-15T21:02:57.032+05:30  INFO 13086 --- [Ecommerce Backend] [restartedMain] o.h.e.t.j.p.i.JtaPlatformInitiator       : HHH000489: No JTA platform available (set 'hibernate.transaction.jta.platform' to enable JTA platform integration)
2025-10-15T21:02:57.331+05:30  INFO 13086 --- [Ecommerce Backend] [restartedMain] org.hibernate.orm.connections.access     : HHH10001501: Connection obtained from JdbcConnectionAccess [org.hibernate.engine.jdbc.env.internal.JdbcEnvironmentInitiator$ConnectionProviderJdbcConnectionAccess@9db5a14] for (non-JTA) DDL execution was not in auto-commit mode; the Connection 'local transaction' will be committed and the Connection will be set into auto-commit mode.
2025-10-15T21:02:58.239+05:30  INFO 13086 --- [Ecommerce Backend] [restartedMain] j.LocalContainerEntityManagerFactoryBean : Initialized JPA EntityManagerFactory for persistence unit 'default'
2025-10-15T21:02:58.920+05:30  INFO 13086 --- [Ecommerce Backend] [restartedMain] o.s.d.j.r.query.QueryEnhancerFactory     : Hibernate is in classpath; If applicable, HQL parser will be used.
2025-10-15T21:03:01.663+05:30  INFO 13086 --- [Ecommerce Backend] [restartedMain] o.s.b.a.e.web.EndpointLinksResolver      : Exposing 1 endpoint beneath base path '/actuator'
2025-10-15T21:03:02.721+05:30  INFO 13086 --- [Ecommerce Backend] [restartedMain] o.s.b.w.embedded.tomcat.TomcatWebServer  : Tomcat started on port 7878 (http) with context path '/'
2025-10-15T21:03:02.744+05:30  INFO 13086 --- [Ecommerce Backend] [restartedMain] com.lnr.ecom.DemoApplication             : Started DemoApplication in 25.11 seconds (process running for 25.859)
